<?xml version="1.0" encoding="UTF-8"?>
<testsuite name="com.immersed.joebernardi.mediasurface_plugin.ExampleUnitTest" tests="1" skipped="0" failures="0" errors="0" timestamp="2018-03-05T19:50:42" hostname="Joe-3.local" time="0.003">
  <properties/>
  <testcase name="addition_isCorrect" classname="com.immersed.joebernardi.mediasurface_plugin.ExampleUnitTest" time="0.003"/>
  <system-out><![CDATA[]]></system-out>
  <system-err><![CDATA[]]></system-err>
</testsuite>
